<!DOCTYPE html PUBLIC "-//W3C//DTD XHTML 1.1//EN" "https://www.w3.org/TR/xhtml11/DTD/xhtml11.dtd">
<html xmlns="https://www.w3.org/1999/xhtml">
<head>
<meta http-equiv="content-type" content="text/html; charset=UTF-8"/>
<title>TestNG Report</title>
<style type="text/css">table {margin-bottom:10px;border-collapse:collapse;empty-cells:show}th,td {border:1px solid #009;padding:.25em .5em}th {vertical-align:bottom}td {vertical-align:top}table a {font-weight:bold}.stripe td {background-color: #E6EBF9}.num {text-align:right}.passedodd td {background-color: #3F3}.passedeven td {background-color: #0A0}.skippedodd td {background-color: #DDD}.skippedeven td {background-color: #CCC}.failedodd td,.attn {background-color: #F33}.failedeven td,.stripe .attn {background-color: #D00}.stacktrace {white-space:pre;font-family:monospace}.totop {font-size:85%;text-align:center;border-bottom:2px solid #000}.invisible {display:none}</style>
</head>
<body>
<table>
<tr><th>Test</th><th># Passed</th><th># Skipped</th><th># Retried</th><th># Failed</th><th>Time (ms)</th><th>Included Groups</th><th>Excluded Groups</th></tr>
<tr><th colspan="8">Suite</th></tr>
<tr><td><a href="#t0">Data driven Test</a></td><td class="num">1</td><td class="num">0</td><td class="num">0</td><td class="num attn">1</td><td class="num">22,668</td><td></td><td></td></tr>
<tr><th colspan="8">Suite (0)</th></tr>
<tr class="stripe"><td><a href="#t1">Chrome Test</a></td><td class="num">3</td><td class="num">0</td><td class="num">0</td><td class="num attn">1</td><td class="num">35,763</td><td></td><td></td></tr>
<tr><td><a href="#t2">Edge Test</a></td><td class="num">3</td><td class="num">0</td><td class="num">0</td><td class="num attn">1</td><td class="num">45,687</td><td></td><td></td></tr>
<tr><th>Total</th><th class="num">7</th><th class="num">0</th><th class="num">0</th><th class="num attn">3</th><th class="num">104,118</th><th colspan="2"></th></tr>
</table>
<table id='summary'><thead><tr><th>Class</th><th>Method</th><th>Start</th><th>Time (ms)</th></tr></thead><tbody><tr><th colspan="4">Suite</th></tr></tbody><tbody id="t0"><tr><th colspan="4">Data driven Test &#8212; failed</th></tr><tr class="failedeven"><td rowspan="1">test.TC_002_LoginTest</td><td><a href="#m0">loginTest</a></td><td rowspan="1">1731650271634</td><td rowspan="1">1758</td></tr><tr><th colspan="4">Data driven Test &#8212; passed</th></tr><tr class="passedeven"><td rowspan="1">test.TC_002_LoginTest</td><td><a href="#m1">loginTest</a></td><td rowspan="1">1731650262346</td><td rowspan="1">2264</td></tr></tbody>
<tbody><tr><th colspan="4">Suite (0)</th></tr></tbody><tbody id="t1"><tr><th colspan="4">Chrome Test &#8212; failed</th></tr><tr class="failedeven"><td rowspan="1">test.TC_002_LoginTest</td><td><a href="#m2">loginTest</a></td><td rowspan="1">1731650300444</td><td rowspan="1">1781</td></tr><tr><th colspan="4">Chrome Test &#8212; passed</th></tr><tr class="passedeven"><td rowspan="1">test.TC_001_RegisterTest</td><td><a href="#m3">registerTest</a></td><td rowspan="1">1731650280929</td><td rowspan="1">2744</td></tr><tr class="passedodd"><td rowspan="1">test.TC_002_LoginTest</td><td><a href="#m4">loginTest</a></td><td rowspan="1">1731650291026</td><td rowspan="1">2139</td></tr><tr class="passedeven"><td rowspan="1">test.TC_003_InvalidLoginTest</td><td><a href="#m5">invalidLogin</a></td><td rowspan="1">1731650308424</td><td rowspan="1">1758</td></tr></tbody>
<tbody id="t2"><tr><th colspan="4">Edge Test &#8212; failed</th></tr><tr class="failedeven"><td rowspan="1">test.TC_002_LoginTest</td><td><a href="#m6">loginTest</a></td><td rowspan="1">1731650342896</td><td rowspan="1">1859</td></tr><tr><th colspan="4">Edge Test &#8212; passed</th></tr><tr class="passedeven"><td rowspan="1">test.TC_001_RegisterTest</td><td><a href="#m7">registerTest</a></td><td rowspan="1">1731650319785</td><td rowspan="1">2867</td></tr><tr class="passedodd"><td rowspan="1">test.TC_002_LoginTest</td><td><a href="#m8">loginTest</a></td><td rowspan="1">1731650332017</td><td rowspan="1">2240</td></tr><tr class="passedeven"><td rowspan="1">test.TC_003_InvalidLoginTest</td><td><a href="#m9">invalidLogin</a></td><td rowspan="1">1731650354115</td><td rowspan="1">1774</td></tr></tbody>
</table>
<h2>Data driven Test</h2><h3 id="m0">test.TC_002_LoginTest#loginTest</h3><table class="result"><tr class="param"><th>Parameter #1</th><th>Parameter #2</th><th>Parameter #3</th><th>Parameter #4</th></tr><tr class="param stripe"><td>leema1503@gmail.com</td><td>leema.123</td><td>InvalidEmailAndValidPassword</td><td>Login was successful. Please correct the errors and try again.</td></tr><tr><th colspan="4">Exception</th></tr><tr><td colspan="4"><div class="stacktrace">java.lang.AssertionError: The following asserts failed:
	expected [Login was successful. Please correct the errors and try again.] but found [Login was unsuccessful. Please correct the errors and try again.]
	at pages.HomePage.validateLogin(HomePage.java:50)
	at test.TC_002_LoginTest.loginTest(TC_002_LoginTest.java:33)
	at java.base/java.util.ArrayList.forEach(ArrayList.java:1511)
... Removed 33 stack frames</div></td></tr></table><p class="totop"><a href="#summary">back to summary</a></p>
<h3 id="m1">test.TC_002_LoginTest#loginTest</h3><table class="result"><tr class="param"><th>Parameter #1</th><th>Parameter #2</th><th>Parameter #3</th><th>Parameter #4</th></tr><tr class="param stripe"><td>leema1803@gmail.com</td><td>leema.123</td><td>ValidEmailAndValidPassword</td><td>leema1803@gmail.com</td></tr></table><p class="totop"><a href="#summary">back to summary</a></p>
<h2>Chrome Test</h2><h3 id="m2">test.TC_002_LoginTest#loginTest</h3><table class="result"><tr class="param"><th>Parameter #1</th><th>Parameter #2</th><th>Parameter #3</th><th>Parameter #4</th></tr><tr class="param stripe"><td>leema1503@gmail.com</td><td>leema.123</td><td>InvalidEmailAndValidPassword</td><td>Login was successful. Please correct the errors and try again.</td></tr><tr><th colspan="4">Exception</th></tr><tr><td colspan="4"><div class="stacktrace">java.lang.AssertionError: The following asserts failed:
	expected [Login was successful. Please correct the errors and try again.] but found [Login was unsuccessful. Please correct the errors and try again.]
	at pages.HomePage.validateLogin(HomePage.java:50)
	at test.TC_002_LoginTest.loginTest(TC_002_LoginTest.java:33)
	at java.base/java.util.ArrayList.forEach(ArrayList.java:1511)
... Removed 33 stack frames</div></td></tr></table><p class="totop"><a href="#summary">back to summary</a></p>
<h3 id="m3">test.TC_001_RegisterTest#registerTest</h3><table class="result"><tr><th class="invisible"/></tr></table><p class="totop"><a href="#summary">back to summary</a></p>
<h3 id="m4">test.TC_002_LoginTest#loginTest</h3><table class="result"><tr class="param"><th>Parameter #1</th><th>Parameter #2</th><th>Parameter #3</th><th>Parameter #4</th></tr><tr class="param stripe"><td>leema1803@gmail.com</td><td>leema.123</td><td>ValidEmailAndValidPassword</td><td>leema1803@gmail.com</td></tr></table><p class="totop"><a href="#summary">back to summary</a></p>
<h3 id="m5">test.TC_003_InvalidLoginTest#invalidLogin</h3><table class="result"><tr><th class="invisible"/></tr></table><p class="totop"><a href="#summary">back to summary</a></p>
<h2>Edge Test</h2><h3 id="m6">test.TC_002_LoginTest#loginTest</h3><table class="result"><tr class="param"><th>Parameter #1</th><th>Parameter #2</th><th>Parameter #3</th><th>Parameter #4</th></tr><tr class="param stripe"><td>leema1503@gmail.com</td><td>leema.123</td><td>InvalidEmailAndValidPassword</td><td>Login was successful. Please correct the errors and try again.</td></tr><tr><th colspan="4">Exception</th></tr><tr><td colspan="4"><div class="stacktrace">java.lang.AssertionError: The following asserts failed:
	expected [Login was successful. Please correct the errors and try again.] but found [Login was unsuccessful. Please correct the errors and try again.]
	at pages.HomePage.validateLogin(HomePage.java:50)
	at test.TC_002_LoginTest.loginTest(TC_002_LoginTest.java:33)
	at java.base/java.util.ArrayList.forEach(ArrayList.java:1511)
... Removed 33 stack frames</div></td></tr></table><p class="totop"><a href="#summary">back to summary</a></p>
<h3 id="m7">test.TC_001_RegisterTest#registerTest</h3><table class="result"><tr><th class="invisible"/></tr></table><p class="totop"><a href="#summary">back to summary</a></p>
<h3 id="m8">test.TC_002_LoginTest#loginTest</h3><table class="result"><tr class="param"><th>Parameter #1</th><th>Parameter #2</th><th>Parameter #3</th><th>Parameter #4</th></tr><tr class="param stripe"><td>leema1803@gmail.com</td><td>leema.123</td><td>ValidEmailAndValidPassword</td><td>leema1803@gmail.com</td></tr></table><p class="totop"><a href="#summary">back to summary</a></p>
<h3 id="m9">test.TC_003_InvalidLoginTest#invalidLogin</h3><table class="result"><tr><th class="invisible"/></tr></table><p class="totop"><a href="#summary">back to summary</a></p>
</body>
</html>
