<?xml version="1.0" encoding="UTF-8"?>
<testng-results ignored="0" total="10" passed="7" failed="3" skipped="0">
  <reporter-output>
  </reporter-output>
  <suite started-at="2024-11-15T11:27:31 IST" name="Suite" finished-at="2024-11-15T11:27:53 IST" duration-ms="22668">
    <groups>
    </groups>
    <test started-at="2024-11-15T11:27:31 IST" name="Data driven Test" finished-at="2024-11-15T11:27:53 IST" duration-ms="22668">
      <class name="test.TC_002_LoginTest">
        <test-method is-config="true" signature="reportInitilization()[pri:0, instance:test.TC_002_LoginTest@35d019a3]" started-at="2024-11-15T11:27:30 IST" name="reportInitilization" finished-at="2024-11-15T11:27:31 IST" duration-ms="674" status="PASS">
          <reporter-output>
          </reporter-output>
        </test-method> <!-- reportInitilization -->
        <test-method is-config="true" signature="setup()[pri:0, instance:test.TC_002_LoginTest@35d019a3]" started-at="2024-11-15T11:27:31 IST" name="setup" finished-at="2024-11-15T11:27:31 IST" duration-ms="1" status="PASS">
          <reporter-output>
          </reporter-output>
        </test-method> <!-- setup -->
        <test-method is-config="true" signature="testDetails()[pri:0, instance:test.TC_002_LoginTest@35d019a3]" started-at="2024-11-15T11:27:31 IST" name="testDetails" finished-at="2024-11-15T11:27:31 IST" duration-ms="27" status="PASS">
          <reporter-output>
          </reporter-output>
        </test-method> <!-- testDetails -->
        <test-method is-config="true" signature="launchAndLoadURL(java.lang.String,java.lang.String)[pri:0, instance:test.TC_002_LoginTest@35d019a3]" started-at="2024-11-15T11:27:33 IST" name="launchAndLoadURL" finished-at="2024-11-15T11:27:42 IST" duration-ms="8746" status="PASS">
          <params>
            <param index="0">
              <value>
                <![CDATA[chrome]]>
              </value>
            </param>
            <param index="1">
              <value>
                <![CDATA[https://demowebshop.tricentis.com/]]>
              </value>
            </param>
          </params>
          <reporter-output>
          </reporter-output>
        </test-method> <!-- launchAndLoadURL -->
        <test-method signature="loginTest(java.lang.String,java.lang.String,java.lang.String,java.lang.String)[pri:0, instance:test.TC_002_LoginTest@35d019a3]" started-at="2024-11-15T11:27:42 IST" name="loginTest" data-provider="excelRead" finished-at="2024-11-15T11:27:44 IST" duration-ms="2264" status="PASS">
          <params>
            <param index="0">
              <value>
                <![CDATA[leema1803@gmail.com]]>
              </value>
            </param>
            <param index="1">
              <value>
                <![CDATA[leema.123]]>
              </value>
            </param>
            <param index="2">
              <value>
                <![CDATA[ValidEmailAndValidPassword]]>
              </value>
            </param>
            <param index="3">
              <value>
                <![CDATA[leema1803@gmail.com]]>
              </value>
            </param>
          </params>
          <reporter-output>
          </reporter-output>
        </test-method> <!-- loginTest -->
        <test-method is-config="true" signature="browserClose()[pri:0, instance:test.TC_002_LoginTest@35d019a3]" started-at="2024-11-15T11:27:44 IST" name="browserClose" finished-at="2024-11-15T11:27:45 IST" duration-ms="554" status="PASS">
          <reporter-output>
          </reporter-output>
        </test-method> <!-- browserClose -->
        <test-method is-config="true" signature="launchAndLoadURL(java.lang.String,java.lang.String)[pri:0, instance:test.TC_002_LoginTest@35d019a3]" started-at="2024-11-15T11:27:45 IST" name="launchAndLoadURL" finished-at="2024-11-15T11:27:51 IST" duration-ms="6432" status="PASS">
          <params>
            <param index="0">
              <value>
                <![CDATA[chrome]]>
              </value>
            </param>
            <param index="1">
              <value>
                <![CDATA[https://demowebshop.tricentis.com/]]>
              </value>
            </param>
          </params>
          <reporter-output>
          </reporter-output>
        </test-method> <!-- launchAndLoadURL -->
        <test-method signature="loginTest(java.lang.String,java.lang.String,java.lang.String,java.lang.String)[pri:0, instance:test.TC_002_LoginTest@35d019a3]" started-at="2024-11-15T11:27:51 IST" name="loginTest" data-provider="excelRead" finished-at="2024-11-15T11:27:53 IST" duration-ms="1758" status="FAIL">
          <params>
            <param index="0">
              <value>
                <![CDATA[leema1503@gmail.com]]>
              </value>
            </param>
            <param index="1">
              <value>
                <![CDATA[leema.123]]>
              </value>
            </param>
            <param index="2">
              <value>
                <![CDATA[InvalidEmailAndValidPassword]]>
              </value>
            </param>
            <param index="3">
              <value>
                <![CDATA[Login was successful. Please correct the errors and try again.]]>
              </value>
            </param>
          </params>
          <exception class="java.lang.AssertionError">
            <message>
              <![CDATA[The following asserts failed:
expected [Login was successful. Please correct the errors and try again.] but found [Login was unsuccessful. Please correct the errors and try again.]]]>
            </message>
            <full-stacktrace>
              <![CDATA[java.lang.AssertionError: The following asserts failed:
expected [Login was successful. Please correct the errors and try again.] but found [Login was unsuccessful. Please correct the errors and try again.]
at org.testng.asserts.SoftAssert.assertAll(SoftAssert.java:46)
at org.testng.asserts.SoftAssert.assertAll(SoftAssert.java:30)
at pages.HomePage.validateLogin(HomePage.java:50)
at test.TC_002_LoginTest.loginTest(TC_002_LoginTest.java:33)
at java.base/jdk.internal.reflect.NativeMethodAccessorImpl.invoke0(Native Method)
at java.base/jdk.internal.reflect.NativeMethodAccessorImpl.invoke(NativeMethodAccessorImpl.java:77)
at java.base/jdk.internal.reflect.DelegatingMethodAccessorImpl.invoke(DelegatingMethodAccessorImpl.java:43)
at java.base/java.lang.reflect.Method.invoke(Method.java:568)
at org.testng.internal.invokers.MethodInvocationHelper.invokeMethod(MethodInvocationHelper.java:141)
at org.testng.internal.invokers.TestInvoker.invokeMethod(TestInvoker.java:686)
at org.testng.internal.invokers.TestInvoker.invokeTestMethod(TestInvoker.java:230)
at org.testng.internal.invokers.MethodRunner.runInSequence(MethodRunner.java:63)
at org.testng.internal.invokers.TestInvoker$MethodInvocationAgent.invoke(TestInvoker.java:992)
at org.testng.internal.invokers.TestInvoker.invokeTestMethods(TestInvoker.java:203)
at org.testng.internal.invokers.TestMethodWorker.invokeTestMethods(TestMethodWorker.java:154)
at org.testng.internal.invokers.TestMethodWorker.run(TestMethodWorker.java:134)
at java.base/java.util.ArrayList.forEach(ArrayList.java:1511)
at org.testng.TestRunner.privateRun(TestRunner.java:739)
at org.testng.TestRunner.run(TestRunner.java:614)
at org.testng.SuiteRunner.runTest(SuiteRunner.java:421)
at org.testng.SuiteRunner.runSequentially(SuiteRunner.java:413)
at org.testng.SuiteRunner.privateRun(SuiteRunner.java:373)
at org.testng.SuiteRunner.run(SuiteRunner.java:312)
at org.testng.SuiteRunnerWorker.runSuite(SuiteRunnerWorker.java:52)
at org.testng.SuiteRunnerWorker.run(SuiteRunnerWorker.java:95)
at org.testng.TestNG.runSuitesSequentially(TestNG.java:1274)
at org.testng.TestNG.runSuitesLocally(TestNG.java:1208)
at org.testng.TestNG.runSuites(TestNG.java:1112)
at org.testng.TestNG.run(TestNG.java:1079)
at org.apache.maven.surefire.testng.TestNGExecutor.run(TestNGExecutor.java:308)
at org.apache.maven.surefire.testng.TestNGXmlTestSuite.execute(TestNGXmlTestSuite.java:71)
at org.apache.maven.surefire.testng.TestNGProvider.invoke(TestNGProvider.java:113)
at org.apache.maven.surefire.booter.ForkedBooter.runSuitesInProcess(ForkedBooter.java:385)
at org.apache.maven.surefire.booter.ForkedBooter.execute(ForkedBooter.java:162)
at org.apache.maven.surefire.booter.ForkedBooter.run(ForkedBooter.java:507)
at org.apache.maven.surefire.booter.ForkedBooter.main(ForkedBooter.java:495)
]]>
            </full-stacktrace>
          </exception> <!-- java.lang.AssertionError -->
          <reporter-output>
          </reporter-output>
        </test-method> <!-- loginTest -->
        <test-method is-config="true" signature="browserClose()[pri:0, instance:test.TC_002_LoginTest@35d019a3]" started-at="2024-11-15T11:27:53 IST" name="browserClose" finished-at="2024-11-15T11:27:53 IST" duration-ms="306" status="PASS">
          <reporter-output>
          </reporter-output>
        </test-method> <!-- browserClose -->
        <test-method is-config="true" signature="reportClose()[pri:0, instance:test.TC_002_LoginTest@35d019a3]" started-at="2024-11-15T11:27:54 IST" name="reportClose" finished-at="2024-11-15T11:27:54 IST" duration-ms="733" status="PASS">
          <reporter-output>
          </reporter-output>
        </test-method> <!-- reportClose -->
      </class> <!-- test.TC_002_LoginTest -->
    </test> <!-- Data driven Test -->
  </suite> <!-- Suite -->
  <suite started-at="2024-11-15T11:27:54 IST" name="Suite (0)" finished-at="2024-11-15T11:29:16 IST" duration-ms="81482">
    <groups>
    </groups>
    <test started-at="2024-11-15T11:27:54 IST" name="Chrome Test" finished-at="2024-11-15T11:28:30 IST" duration-ms="35763">
      <class name="test.TC_002_LoginTest">
        <test-method is-config="true" signature="setup()[pri:0, instance:test.TC_002_LoginTest@62379589]" started-at="2024-11-15T11:27:54 IST" name="setup" finished-at="2024-11-15T11:27:54 IST" duration-ms="0" status="PASS">
          <reporter-output>
          </reporter-output>
        </test-method> <!-- setup -->
        <test-method is-config="true" signature="testDetails()[pri:0, instance:test.TC_002_LoginTest@62379589]" started-at="2024-11-15T11:28:04 IST" name="testDetails" finished-at="2024-11-15T11:28:04 IST" duration-ms="1" status="PASS">
          <reporter-output>
          </reporter-output>
        </test-method> <!-- testDetails -->
        <test-method is-config="true" signature="launchAndLoadURL(java.lang.String,java.lang.String)[pri:0, instance:test.TC_002_LoginTest@62379589]" started-at="2024-11-15T11:28:04 IST" name="launchAndLoadURL" finished-at="2024-11-15T11:28:11 IST" duration-ms="6555" status="PASS">
          <params>
            <param index="0">
              <value>
                <![CDATA[chrome]]>
              </value>
            </param>
            <param index="1">
              <value>
                <![CDATA[https://demowebshop.tricentis.com/]]>
              </value>
            </param>
          </params>
          <reporter-output>
          </reporter-output>
        </test-method> <!-- launchAndLoadURL -->
        <test-method signature="loginTest(java.lang.String,java.lang.String,java.lang.String,java.lang.String)[pri:0, instance:test.TC_002_LoginTest@62379589]" started-at="2024-11-15T11:28:11 IST" name="loginTest" data-provider="excelRead" finished-at="2024-11-15T11:28:13 IST" duration-ms="2139" status="PASS">
          <params>
            <param index="0">
              <value>
                <![CDATA[leema1803@gmail.com]]>
              </value>
            </param>
            <param index="1">
              <value>
                <![CDATA[leema.123]]>
              </value>
            </param>
            <param index="2">
              <value>
                <![CDATA[ValidEmailAndValidPassword]]>
              </value>
            </param>
            <param index="3">
              <value>
                <![CDATA[leema1803@gmail.com]]>
              </value>
            </param>
          </params>
          <reporter-output>
          </reporter-output>
        </test-method> <!-- loginTest -->
        <test-method is-config="true" signature="browserClose()[pri:0, instance:test.TC_002_LoginTest@62379589]" started-at="2024-11-15T11:28:13 IST" name="browserClose" finished-at="2024-11-15T11:28:13 IST" duration-ms="204" status="PASS">
          <reporter-output>
          </reporter-output>
        </test-method> <!-- browserClose -->
        <test-method is-config="true" signature="launchAndLoadURL(java.lang.String,java.lang.String)[pri:0, instance:test.TC_002_LoginTest@62379589]" started-at="2024-11-15T11:28:13 IST" name="launchAndLoadURL" finished-at="2024-11-15T11:28:20 IST" duration-ms="7063" status="PASS">
          <params>
            <param index="0">
              <value>
                <![CDATA[chrome]]>
              </value>
            </param>
            <param index="1">
              <value>
                <![CDATA[https://demowebshop.tricentis.com/]]>
              </value>
            </param>
          </params>
          <reporter-output>
          </reporter-output>
        </test-method> <!-- launchAndLoadURL -->
        <test-method signature="loginTest(java.lang.String,java.lang.String,java.lang.String,java.lang.String)[pri:0, instance:test.TC_002_LoginTest@62379589]" started-at="2024-11-15T11:28:20 IST" name="loginTest" data-provider="excelRead" finished-at="2024-11-15T11:28:22 IST" duration-ms="1781" status="FAIL">
          <params>
            <param index="0">
              <value>
                <![CDATA[leema1503@gmail.com]]>
              </value>
            </param>
            <param index="1">
              <value>
                <![CDATA[leema.123]]>
              </value>
            </param>
            <param index="2">
              <value>
                <![CDATA[InvalidEmailAndValidPassword]]>
              </value>
            </param>
            <param index="3">
              <value>
                <![CDATA[Login was successful. Please correct the errors and try again.]]>
              </value>
            </param>
          </params>
          <exception class="java.lang.AssertionError">
            <message>
              <![CDATA[The following asserts failed:
expected [Login was successful. Please correct the errors and try again.] but found [Login was unsuccessful. Please correct the errors and try again.]]]>
            </message>
            <full-stacktrace>
              <![CDATA[java.lang.AssertionError: The following asserts failed:
expected [Login was successful. Please correct the errors and try again.] but found [Login was unsuccessful. Please correct the errors and try again.]
at org.testng.asserts.SoftAssert.assertAll(SoftAssert.java:46)
at org.testng.asserts.SoftAssert.assertAll(SoftAssert.java:30)
at pages.HomePage.validateLogin(HomePage.java:50)
at test.TC_002_LoginTest.loginTest(TC_002_LoginTest.java:33)
at java.base/jdk.internal.reflect.NativeMethodAccessorImpl.invoke0(Native Method)
at java.base/jdk.internal.reflect.NativeMethodAccessorImpl.invoke(NativeMethodAccessorImpl.java:77)
at java.base/jdk.internal.reflect.DelegatingMethodAccessorImpl.invoke(DelegatingMethodAccessorImpl.java:43)
at java.base/java.lang.reflect.Method.invoke(Method.java:568)
at org.testng.internal.invokers.MethodInvocationHelper.invokeMethod(MethodInvocationHelper.java:141)
at org.testng.internal.invokers.TestInvoker.invokeMethod(TestInvoker.java:686)
at org.testng.internal.invokers.TestInvoker.invokeTestMethod(TestInvoker.java:230)
at org.testng.internal.invokers.MethodRunner.runInSequence(MethodRunner.java:63)
at org.testng.internal.invokers.TestInvoker$MethodInvocationAgent.invoke(TestInvoker.java:992)
at org.testng.internal.invokers.TestInvoker.invokeTestMethods(TestInvoker.java:203)
at org.testng.internal.invokers.TestMethodWorker.invokeTestMethods(TestMethodWorker.java:154)
at org.testng.internal.invokers.TestMethodWorker.run(TestMethodWorker.java:134)
at java.base/java.util.ArrayList.forEach(ArrayList.java:1511)
at org.testng.TestRunner.privateRun(TestRunner.java:739)
at org.testng.TestRunner.run(TestRunner.java:614)
at org.testng.SuiteRunner.runTest(SuiteRunner.java:421)
at org.testng.SuiteRunner.runSequentially(SuiteRunner.java:413)
at org.testng.SuiteRunner.privateRun(SuiteRunner.java:373)
at org.testng.SuiteRunner.run(SuiteRunner.java:312)
at org.testng.SuiteRunnerWorker.runSuite(SuiteRunnerWorker.java:52)
at org.testng.SuiteRunnerWorker.run(SuiteRunnerWorker.java:95)
at org.testng.TestNG.runSuitesSequentially(TestNG.java:1274)
at org.testng.TestNG.runSuitesLocally(TestNG.java:1208)
at org.testng.TestNG.runSuites(TestNG.java:1112)
at org.testng.TestNG.run(TestNG.java:1079)
at org.apache.maven.surefire.testng.TestNGExecutor.run(TestNGExecutor.java:308)
at org.apache.maven.surefire.testng.TestNGXmlTestSuite.execute(TestNGXmlTestSuite.java:71)
at org.apache.maven.surefire.testng.TestNGProvider.invoke(TestNGProvider.java:113)
at org.apache.maven.surefire.booter.ForkedBooter.runSuitesInProcess(ForkedBooter.java:385)
at org.apache.maven.surefire.booter.ForkedBooter.execute(ForkedBooter.java:162)
at org.apache.maven.surefire.booter.ForkedBooter.run(ForkedBooter.java:507)
at org.apache.maven.surefire.booter.ForkedBooter.main(ForkedBooter.java:495)
]]>
            </full-stacktrace>
          </exception> <!-- java.lang.AssertionError -->
          <reporter-output>
          </reporter-output>
        </test-method> <!-- loginTest -->
        <test-method is-config="true" signature="browserClose()[pri:0, instance:test.TC_002_LoginTest@62379589]" started-at="2024-11-15T11:28:22 IST" name="browserClose" finished-at="2024-11-15T11:28:22 IST" duration-ms="304" status="PASS">
          <reporter-output>
          </reporter-output>
        </test-method> <!-- browserClose -->
      </class> <!-- test.TC_002_LoginTest -->
      <class name="test.TC_003_InvalidLoginTest">
        <test-method is-config="true" signature="setup()[pri:0, instance:test.TC_003_InvalidLoginTest@4afcd809]" started-at="2024-11-15T11:27:54 IST" name="setup" finished-at="2024-11-15T11:27:54 IST" duration-ms="1" status="PASS">
          <reporter-output>
          </reporter-output>
        </test-method> <!-- setup -->
        <test-method is-config="true" signature="testDetails()[pri:0, instance:test.TC_003_InvalidLoginTest@4afcd809]" started-at="2024-11-15T11:28:22 IST" name="testDetails" finished-at="2024-11-15T11:28:22 IST" duration-ms="1" status="PASS">
          <reporter-output>
          </reporter-output>
        </test-method> <!-- testDetails -->
        <test-method is-config="true" signature="launchAndLoadURL(java.lang.String,java.lang.String)[pri:0, instance:test.TC_003_InvalidLoginTest@4afcd809]" started-at="2024-11-15T11:28:22 IST" name="launchAndLoadURL" finished-at="2024-11-15T11:28:28 IST" duration-ms="5645" status="PASS">
          <params>
            <param index="0">
              <value>
                <![CDATA[chrome]]>
              </value>
            </param>
            <param index="1">
              <value>
                <![CDATA[https://demowebshop.tricentis.com/]]>
              </value>
            </param>
          </params>
          <reporter-output>
          </reporter-output>
        </test-method> <!-- launchAndLoadURL -->
        <test-method signature="invalidLogin()[pri:0, instance:test.TC_003_InvalidLoginTest@4afcd809]" started-at="2024-11-15T11:28:28 IST" name="invalidLogin" finished-at="2024-11-15T11:28:30 IST" duration-ms="1758" status="PASS">
          <reporter-output>
          </reporter-output>
        </test-method> <!-- invalidLogin -->
        <test-method is-config="true" signature="browserClose()[pri:0, instance:test.TC_003_InvalidLoginTest@4afcd809]" started-at="2024-11-15T11:28:30 IST" name="browserClose" finished-at="2024-11-15T11:28:30 IST" duration-ms="395" status="PASS">
          <reporter-output>
          </reporter-output>
        </test-method> <!-- browserClose -->
      </class> <!-- test.TC_003_InvalidLoginTest -->
      <class name="test.TC_001_RegisterTest">
        <test-method is-config="true" signature="setup()[pri:0, instance:test.TC_001_RegisterTest@3754a4bf]" started-at="2024-11-15T11:27:54 IST" name="setup" finished-at="2024-11-15T11:27:54 IST" duration-ms="1" status="PASS">
          <reporter-output>
          </reporter-output>
        </test-method> <!-- setup -->
        <test-method is-config="true" signature="testDetails()[pri:0, instance:test.TC_001_RegisterTest@3754a4bf]" started-at="2024-11-15T11:27:54 IST" name="testDetails" finished-at="2024-11-15T11:27:54 IST" duration-ms="2" status="PASS">
          <reporter-output>
          </reporter-output>
        </test-method> <!-- testDetails -->
        <test-method is-config="true" signature="launchAndLoadURL(java.lang.String,java.lang.String)[pri:0, instance:test.TC_001_RegisterTest@3754a4bf]" started-at="2024-11-15T11:27:54 IST" name="launchAndLoadURL" finished-at="2024-11-15T11:28:00 IST" duration-ms="6105" status="PASS">
          <params>
            <param index="0">
              <value>
                <![CDATA[chrome]]>
              </value>
            </param>
            <param index="1">
              <value>
                <![CDATA[https://demowebshop.tricentis.com/]]>
              </value>
            </param>
          </params>
          <reporter-output>
          </reporter-output>
        </test-method> <!-- launchAndLoadURL -->
        <test-method signature="registerTest()[pri:0, instance:test.TC_001_RegisterTest@3754a4bf]" started-at="2024-11-15T11:28:00 IST" name="registerTest" finished-at="2024-11-15T11:28:03 IST" duration-ms="2744" status="PASS">
          <reporter-output>
          </reporter-output>
        </test-method> <!-- registerTest -->
        <test-method is-config="true" signature="browserClose()[pri:0, instance:test.TC_001_RegisterTest@3754a4bf]" started-at="2024-11-15T11:28:03 IST" name="browserClose" finished-at="2024-11-15T11:28:04 IST" duration-ms="482" status="PASS">
          <reporter-output>
          </reporter-output>
        </test-method> <!-- browserClose -->
      </class> <!-- test.TC_001_RegisterTest -->
    </test> <!-- Chrome Test -->
    <test started-at="2024-11-15T11:28:30 IST" name="Edge Test" finished-at="2024-11-15T11:29:16 IST" duration-ms="45687">
      <class name="test.TC_002_LoginTest">
        <test-method is-config="true" signature="setup()[pri:0, instance:test.TC_002_LoginTest@54d9d12d]" started-at="2024-11-15T11:28:30 IST" name="setup" finished-at="2024-11-15T11:28:30 IST" duration-ms="0" status="PASS">
          <reporter-output>
          </reporter-output>
        </test-method> <!-- setup -->
        <test-method is-config="true" signature="testDetails()[pri:0, instance:test.TC_002_LoginTest@54d9d12d]" started-at="2024-11-15T11:28:42 IST" name="testDetails" finished-at="2024-11-15T11:28:42 IST" duration-ms="1" status="PASS">
          <reporter-output>
          </reporter-output>
        </test-method> <!-- testDetails -->
        <test-method is-config="true" signature="launchAndLoadURL(java.lang.String,java.lang.String)[pri:0, instance:test.TC_002_LoginTest@54d9d12d]" started-at="2024-11-15T11:28:43 IST" name="launchAndLoadURL" finished-at="2024-11-15T11:28:52 IST" duration-ms="8941" status="PASS">
          <params>
            <param index="0">
              <value>
                <![CDATA[edge]]>
              </value>
            </param>
            <param index="1">
              <value>
                <![CDATA[https://demowebshop.tricentis.com/]]>
              </value>
            </param>
          </params>
          <reporter-output>
          </reporter-output>
        </test-method> <!-- launchAndLoadURL -->
        <test-method signature="loginTest(java.lang.String,java.lang.String,java.lang.String,java.lang.String)[pri:0, instance:test.TC_002_LoginTest@54d9d12d]" started-at="2024-11-15T11:28:52 IST" name="loginTest" data-provider="excelRead" finished-at="2024-11-15T11:28:54 IST" duration-ms="2240" status="PASS">
          <params>
            <param index="0">
              <value>
                <![CDATA[leema1803@gmail.com]]>
              </value>
            </param>
            <param index="1">
              <value>
                <![CDATA[leema.123]]>
              </value>
            </param>
            <param index="2">
              <value>
                <![CDATA[ValidEmailAndValidPassword]]>
              </value>
            </param>
            <param index="3">
              <value>
                <![CDATA[leema1803@gmail.com]]>
              </value>
            </param>
          </params>
          <reporter-output>
          </reporter-output>
        </test-method> <!-- loginTest -->
        <test-method is-config="true" signature="browserClose()[pri:0, instance:test.TC_002_LoginTest@54d9d12d]" started-at="2024-11-15T11:28:54 IST" name="browserClose" finished-at="2024-11-15T11:28:54 IST" duration-ms="236" status="PASS">
          <reporter-output>
          </reporter-output>
        </test-method> <!-- browserClose -->
        <test-method is-config="true" signature="launchAndLoadURL(java.lang.String,java.lang.String)[pri:0, instance:test.TC_002_LoginTest@54d9d12d]" started-at="2024-11-15T11:28:54 IST" name="launchAndLoadURL" finished-at="2024-11-15T11:29:02 IST" duration-ms="8401" status="PASS">
          <params>
            <param index="0">
              <value>
                <![CDATA[edge]]>
              </value>
            </param>
            <param index="1">
              <value>
                <![CDATA[https://demowebshop.tricentis.com/]]>
              </value>
            </param>
          </params>
          <reporter-output>
          </reporter-output>
        </test-method> <!-- launchAndLoadURL -->
        <test-method signature="loginTest(java.lang.String,java.lang.String,java.lang.String,java.lang.String)[pri:0, instance:test.TC_002_LoginTest@54d9d12d]" started-at="2024-11-15T11:29:02 IST" name="loginTest" data-provider="excelRead" finished-at="2024-11-15T11:29:04 IST" duration-ms="1859" status="FAIL">
          <params>
            <param index="0">
              <value>
                <![CDATA[leema1503@gmail.com]]>
              </value>
            </param>
            <param index="1">
              <value>
                <![CDATA[leema.123]]>
              </value>
            </param>
            <param index="2">
              <value>
                <![CDATA[InvalidEmailAndValidPassword]]>
              </value>
            </param>
            <param index="3">
              <value>
                <![CDATA[Login was successful. Please correct the errors and try again.]]>
              </value>
            </param>
          </params>
          <exception class="java.lang.AssertionError">
            <message>
              <![CDATA[The following asserts failed:
expected [Login was successful. Please correct the errors and try again.] but found [Login was unsuccessful. Please correct the errors and try again.]]]>
            </message>
            <full-stacktrace>
              <![CDATA[java.lang.AssertionError: The following asserts failed:
expected [Login was successful. Please correct the errors and try again.] but found [Login was unsuccessful. Please correct the errors and try again.]
at org.testng.asserts.SoftAssert.assertAll(SoftAssert.java:46)
at org.testng.asserts.SoftAssert.assertAll(SoftAssert.java:30)
at pages.HomePage.validateLogin(HomePage.java:50)
at test.TC_002_LoginTest.loginTest(TC_002_LoginTest.java:33)
at java.base/jdk.internal.reflect.NativeMethodAccessorImpl.invoke0(Native Method)
at java.base/jdk.internal.reflect.NativeMethodAccessorImpl.invoke(NativeMethodAccessorImpl.java:77)
at java.base/jdk.internal.reflect.DelegatingMethodAccessorImpl.invoke(DelegatingMethodAccessorImpl.java:43)
at java.base/java.lang.reflect.Method.invoke(Method.java:568)
at org.testng.internal.invokers.MethodInvocationHelper.invokeMethod(MethodInvocationHelper.java:141)
at org.testng.internal.invokers.TestInvoker.invokeMethod(TestInvoker.java:686)
at org.testng.internal.invokers.TestInvoker.invokeTestMethod(TestInvoker.java:230)
at org.testng.internal.invokers.MethodRunner.runInSequence(MethodRunner.java:63)
at org.testng.internal.invokers.TestInvoker$MethodInvocationAgent.invoke(TestInvoker.java:992)
at org.testng.internal.invokers.TestInvoker.invokeTestMethods(TestInvoker.java:203)
at org.testng.internal.invokers.TestMethodWorker.invokeTestMethods(TestMethodWorker.java:154)
at org.testng.internal.invokers.TestMethodWorker.run(TestMethodWorker.java:134)
at java.base/java.util.ArrayList.forEach(ArrayList.java:1511)
at org.testng.TestRunner.privateRun(TestRunner.java:739)
at org.testng.TestRunner.run(TestRunner.java:614)
at org.testng.SuiteRunner.runTest(SuiteRunner.java:421)
at org.testng.SuiteRunner.runSequentially(SuiteRunner.java:413)
at org.testng.SuiteRunner.privateRun(SuiteRunner.java:373)
at org.testng.SuiteRunner.run(SuiteRunner.java:312)
at org.testng.SuiteRunnerWorker.runSuite(SuiteRunnerWorker.java:52)
at org.testng.SuiteRunnerWorker.run(SuiteRunnerWorker.java:95)
at org.testng.TestNG.runSuitesSequentially(TestNG.java:1274)
at org.testng.TestNG.runSuitesLocally(TestNG.java:1208)
at org.testng.TestNG.runSuites(TestNG.java:1112)
at org.testng.TestNG.run(TestNG.java:1079)
at org.apache.maven.surefire.testng.TestNGExecutor.run(TestNGExecutor.java:308)
at org.apache.maven.surefire.testng.TestNGXmlTestSuite.execute(TestNGXmlTestSuite.java:71)
at org.apache.maven.surefire.testng.TestNGProvider.invoke(TestNGProvider.java:113)
at org.apache.maven.surefire.booter.ForkedBooter.runSuitesInProcess(ForkedBooter.java:385)
at org.apache.maven.surefire.booter.ForkedBooter.execute(ForkedBooter.java:162)
at org.apache.maven.surefire.booter.ForkedBooter.run(ForkedBooter.java:507)
at org.apache.maven.surefire.booter.ForkedBooter.main(ForkedBooter.java:495)
]]>
            </full-stacktrace>
          </exception> <!-- java.lang.AssertionError -->
          <reporter-output>
          </reporter-output>
        </test-method> <!-- loginTest -->
        <test-method is-config="true" signature="browserClose()[pri:0, instance:test.TC_002_LoginTest@54d9d12d]" started-at="2024-11-15T11:29:05 IST" name="browserClose" finished-at="2024-11-15T11:29:05 IST" duration-ms="546" status="PASS">
          <reporter-output>
          </reporter-output>
        </test-method> <!-- browserClose -->
      </class> <!-- test.TC_002_LoginTest -->
      <class name="test.TC_003_InvalidLoginTest">
        <test-method is-config="true" signature="setup()[pri:0, instance:test.TC_003_InvalidLoginTest@38425407]" started-at="2024-11-15T11:28:30 IST" name="setup" finished-at="2024-11-15T11:28:30 IST" duration-ms="1" status="PASS">
          <reporter-output>
          </reporter-output>
        </test-method> <!-- setup -->
        <test-method is-config="true" signature="testDetails()[pri:0, instance:test.TC_003_InvalidLoginTest@38425407]" started-at="2024-11-15T11:29:05 IST" name="testDetails" finished-at="2024-11-15T11:29:05 IST" duration-ms="1" status="PASS">
          <reporter-output>
          </reporter-output>
        </test-method> <!-- testDetails -->
        <test-method is-config="true" signature="launchAndLoadURL(java.lang.String,java.lang.String)[pri:0, instance:test.TC_003_InvalidLoginTest@38425407]" started-at="2024-11-15T11:29:05 IST" name="launchAndLoadURL" finished-at="2024-11-15T11:29:14 IST" duration-ms="8512" status="PASS">
          <params>
            <param index="0">
              <value>
                <![CDATA[edge]]>
              </value>
            </param>
            <param index="1">
              <value>
                <![CDATA[https://demowebshop.tricentis.com/]]>
              </value>
            </param>
          </params>
          <reporter-output>
          </reporter-output>
        </test-method> <!-- launchAndLoadURL -->
        <test-method signature="invalidLogin()[pri:0, instance:test.TC_003_InvalidLoginTest@38425407]" started-at="2024-11-15T11:29:14 IST" name="invalidLogin" finished-at="2024-11-15T11:29:15 IST" duration-ms="1774" status="PASS">
          <reporter-output>
          </reporter-output>
        </test-method> <!-- invalidLogin -->
        <test-method is-config="true" signature="browserClose()[pri:0, instance:test.TC_003_InvalidLoginTest@38425407]" started-at="2024-11-15T11:29:15 IST" name="browserClose" finished-at="2024-11-15T11:29:16 IST" duration-ms="407" status="PASS">
          <reporter-output>
          </reporter-output>
        </test-method> <!-- browserClose -->
      </class> <!-- test.TC_003_InvalidLoginTest -->
      <class name="test.TC_001_RegisterTest">
        <test-method is-config="true" signature="reportInitilization()[pri:0, instance:test.TC_001_RegisterTest@3c41ed1d]" started-at="2024-11-15T11:27:54 IST" name="reportInitilization" finished-at="2024-11-15T11:27:54 IST" duration-ms="1" status="PASS">
          <reporter-output>
          </reporter-output>
        </test-method> <!-- reportInitilization -->
        <test-method is-config="true" signature="setup()[pri:0, instance:test.TC_001_RegisterTest@3c41ed1d]" started-at="2024-11-15T11:28:30 IST" name="setup" finished-at="2024-11-15T11:28:30 IST" duration-ms="0" status="PASS">
          <reporter-output>
          </reporter-output>
        </test-method> <!-- setup -->
        <test-method is-config="true" signature="testDetails()[pri:0, instance:test.TC_001_RegisterTest@3c41ed1d]" started-at="2024-11-15T11:28:30 IST" name="testDetails" finished-at="2024-11-15T11:28:30 IST" duration-ms="1" status="PASS">
          <reporter-output>
          </reporter-output>
        </test-method> <!-- testDetails -->
        <test-method is-config="true" signature="launchAndLoadURL(java.lang.String,java.lang.String)[pri:0, instance:test.TC_001_RegisterTest@3c41ed1d]" started-at="2024-11-15T11:28:30 IST" name="launchAndLoadURL" finished-at="2024-11-15T11:28:39 IST" duration-ms="9165" status="PASS">
          <params>
            <param index="0">
              <value>
                <![CDATA[edge]]>
              </value>
            </param>
            <param index="1">
              <value>
                <![CDATA[https://demowebshop.tricentis.com/]]>
              </value>
            </param>
          </params>
          <reporter-output>
          </reporter-output>
        </test-method> <!-- launchAndLoadURL -->
        <test-method signature="registerTest()[pri:0, instance:test.TC_001_RegisterTest@3c41ed1d]" started-at="2024-11-15T11:28:39 IST" name="registerTest" finished-at="2024-11-15T11:28:42 IST" duration-ms="2867" status="PASS">
          <reporter-output>
          </reporter-output>
        </test-method> <!-- registerTest -->
        <test-method is-config="true" signature="browserClose()[pri:0, instance:test.TC_001_RegisterTest@3c41ed1d]" started-at="2024-11-15T11:28:42 IST" name="browserClose" finished-at="2024-11-15T11:28:42 IST" duration-ms="223" status="PASS">
          <reporter-output>
          </reporter-output>
        </test-method> <!-- browserClose -->
        <test-method is-config="true" signature="reportClose()[pri:0, instance:test.TC_001_RegisterTest@3c41ed1d]" started-at="2024-11-15T11:29:16 IST" name="reportClose" finished-at="2024-11-15T11:29:16 IST" duration-ms="455" status="PASS">
          <reporter-output>
          </reporter-output>
        </test-method> <!-- reportClose -->
      </class> <!-- test.TC_001_RegisterTest -->
    </test> <!-- Edge Test -->
  </suite> <!-- Suite (0) -->
</testng-results>
