<?xml version="1.0" encoding="UTF-8"?>
<testng-results ignored="0" total="2" passed="1" failed="1" skipped="0">
  <reporter-output>
  </reporter-output>
  <suite started-at="2024-11-14T07:57:33Z" name="Suite" finished-at="2024-11-14T07:57:55Z" duration-ms="22160">
    <groups>
    </groups>
    <test started-at="2024-11-14T07:57:33Z" name="Data driven Test" finished-at="2024-11-14T07:57:55Z" duration-ms="22160">
      <class name="test.TC_002_LoginTest">
        <test-method is-config="true" signature="reportInitilization()[pri:0, instance:test.TC_002_LoginTest@5b38c1ec]" started-at="2024-11-14T13:27:32Z" name="reportInitilization" finished-at="2024-11-14T13:27:33Z" duration-ms="784" status="PASS">
          <reporter-output>
          </reporter-output>
        </test-method> <!-- reportInitilization -->
        <test-method is-config="true" signature="setup()[pri:0, instance:test.TC_002_LoginTest@5b38c1ec]" started-at="2024-11-14T13:27:33Z" name="setup" finished-at="2024-11-14T13:27:33Z" duration-ms="2" status="PASS">
          <reporter-output>
          </reporter-output>
        </test-method> <!-- setup -->
        <test-method is-config="true" signature="testDetails()[pri:0, instance:test.TC_002_LoginTest@5b38c1ec]" started-at="2024-11-14T13:27:33Z" name="testDetails" finished-at="2024-11-14T13:27:33Z" duration-ms="30" status="PASS">
          <reporter-output>
          </reporter-output>
        </test-method> <!-- testDetails -->
        <test-method is-config="true" signature="launchAndLoadURL(java.lang.String, java.lang.String)[pri:0, instance:test.TC_002_LoginTest@5b38c1ec]" started-at="2024-11-14T13:27:35Z" name="launchAndLoadURL" finished-at="2024-11-14T13:27:43Z" duration-ms="7250" status="PASS">
          <params>
            <param index="0">
              <value>
                <![CDATA[chrome]]>
              </value>
            </param>
            <param index="1">
              <value>
                <![CDATA[https://demowebshop.tricentis.com/]]>
              </value>
            </param>
          </params>
          <reporter-output>
          </reporter-output>
        </test-method> <!-- launchAndLoadURL -->
        <test-method signature="loginTest(java.lang.String, java.lang.String, java.lang.String, java.lang.String)[pri:0, instance:test.TC_002_LoginTest@5b38c1ec]" started-at="2024-11-14T13:27:43Z" name="loginTest" data-provider="excelRead" finished-at="2024-11-14T13:27:45Z" duration-ms="2510" status="PASS">
          <params>
            <param index="0">
              <value>
                <![CDATA[leema1803@gmail.com]]>
              </value>
            </param>
            <param index="1">
              <value>
                <![CDATA[leema.123]]>
              </value>
            </param>
            <param index="2">
              <value>
                <![CDATA[ValidEmailAndValidPassword]]>
              </value>
            </param>
            <param index="3">
              <value>
                <![CDATA[leema1803@gmail.com]]>
              </value>
            </param>
          </params>
          <reporter-output>
          </reporter-output>
        </test-method> <!-- loginTest -->
        <test-method is-config="true" signature="browserClose()[pri:0, instance:test.TC_002_LoginTest@5b38c1ec]" started-at="2024-11-14T13:27:45Z" name="browserClose" finished-at="2024-11-14T13:27:46Z" duration-ms="635" status="PASS">
          <reporter-output>
          </reporter-output>
        </test-method> <!-- browserClose -->
        <test-method is-config="true" signature="launchAndLoadURL(java.lang.String, java.lang.String)[pri:0, instance:test.TC_002_LoginTest@5b38c1ec]" started-at="2024-11-14T13:27:46Z" name="launchAndLoadURL" finished-at="2024-11-14T13:27:53Z" duration-ms="7197" status="PASS">
          <params>
            <param index="0">
              <value>
                <![CDATA[chrome]]>
              </value>
            </param>
            <param index="1">
              <value>
                <![CDATA[https://demowebshop.tricentis.com/]]>
              </value>
            </param>
          </params>
          <reporter-output>
          </reporter-output>
        </test-method> <!-- launchAndLoadURL -->
        <test-method signature="loginTest(java.lang.String, java.lang.String, java.lang.String, java.lang.String)[pri:0, instance:test.TC_002_LoginTest@5b38c1ec]" started-at="2024-11-14T13:27:53Z" name="loginTest" data-provider="excelRead" finished-at="2024-11-14T13:27:55Z" duration-ms="1821" status="FAIL">
          <params>
            <param index="0">
              <value>
                <![CDATA[leema1503@gmail.com]]>
              </value>
            </param>
            <param index="1">
              <value>
                <![CDATA[leema.123]]>
              </value>
            </param>
            <param index="2">
              <value>
                <![CDATA[InvalidEmailAndValidPassword]]>
              </value>
            </param>
            <param index="3">
              <value>
                <![CDATA[Login was successful. Please correct the errors and try again.]]>
              </value>
            </param>
          </params>
          <exception class="java.lang.AssertionError">
            <message>
              <![CDATA[The following asserts failed:
	expected [Login was successful. Please correct the errors and try again.] but found [Login was unsuccessful. Please correct the errors and try again.]]]>
            </message>
            <full-stacktrace>
              <![CDATA[java.lang.AssertionError: The following asserts failed:
	expected [Login was successful. Please correct the errors and try again.] but found [Login was unsuccessful. Please correct the errors and try again.]
	at org.testng.asserts.SoftAssert.assertAll(SoftAssert.java:43)
	at pages.HomePage.validateLogin(HomePage.java:50)
	at test.TC_002_LoginTest.loginTest(TC_002_LoginTest.java:33)
	at java.base/jdk.internal.reflect.NativeMethodAccessorImpl.invoke0(Native Method)
	at java.base/jdk.internal.reflect.NativeMethodAccessorImpl.invoke(NativeMethodAccessorImpl.java:77)
	at java.base/jdk.internal.reflect.DelegatingMethodAccessorImpl.invoke(DelegatingMethodAccessorImpl.java:43)
	at java.base/java.lang.reflect.Method.invoke(Method.java:568)
	at org.testng.internal.MethodInvocationHelper.invokeMethod(MethodInvocationHelper.java:108)
	at org.testng.internal.Invoker.invokeMethod(Invoker.java:661)
	at org.testng.internal.Invoker.invokeTestMethod(Invoker.java:869)
	at org.testng.internal.Invoker.invokeTestMethods(Invoker.java:1193)
	at org.testng.internal.TestMethodWorker.invokeTestMethods(TestMethodWorker.java:126)
	at org.testng.internal.TestMethodWorker.run(TestMethodWorker.java:109)
	at org.testng.TestRunner.privateRun(TestRunner.java:744)
	at org.testng.TestRunner.run(TestRunner.java:602)
	at org.testng.SuiteRunner.runTest(SuiteRunner.java:380)
	at org.testng.SuiteRunner.runSequentially(SuiteRunner.java:375)
	at org.testng.SuiteRunner.privateRun(SuiteRunner.java:340)
	at org.testng.SuiteRunner.run(SuiteRunner.java:289)
	at org.testng.SuiteRunnerWorker.runSuite(SuiteRunnerWorker.java:52)
	at org.testng.SuiteRunnerWorker.run(SuiteRunnerWorker.java:86)
	at org.testng.TestNG.runSuitesSequentially(TestNG.java:1301)
	at org.testng.TestNG.runSuitesLocally(TestNG.java:1226)
	at org.testng.TestNG.runSuites(TestNG.java:1144)
	at org.testng.TestNG.run(TestNG.java:1115)
	at org.testng.remote.AbstractRemoteTestNG.run(AbstractRemoteTestNG.java:115)
	at org.testng.remote.RemoteTestNG.initAndRun(RemoteTestNG.java:251)
	at org.testng.remote.RemoteTestNG.main(RemoteTestNG.java:77)
]]>
            </full-stacktrace>
          </exception> <!-- java.lang.AssertionError -->
          <reporter-output>
          </reporter-output>
        </test-method> <!-- loginTest -->
        <test-method is-config="true" signature="browserClose()[pri:0, instance:test.TC_002_LoginTest@5b38c1ec]" started-at="2024-11-14T13:27:55Z" name="browserClose" finished-at="2024-11-14T13:27:55Z" duration-ms="344" status="PASS">
          <reporter-output>
          </reporter-output>
        </test-method> <!-- browserClose -->
        <test-method is-config="true" signature="reportClose()[pri:0, instance:test.TC_002_LoginTest@5b38c1ec]" started-at="2024-11-14T13:27:55Z" name="reportClose" finished-at="2024-11-14T13:27:57Z" duration-ms="1177" status="PASS">
          <reporter-output>
          </reporter-output>
        </test-method> <!-- reportClose -->
      </class> <!-- test.TC_002_LoginTest -->
    </test> <!-- Data driven Test -->
  </suite> <!-- Suite -->
</testng-results>
